Warning: ignoring unsupported tag `ALLOW_UNICODE_NAMES    =' at line 79, file /home/travis/build/jaggedsoft/php-binance-api/doxy.gen
Warning: ignoring unsupported tag `TOC_INCLUDE_HEADINGS   =' at line 303, file /home/travis/build/jaggedsoft/php-binance-api/doxy.gen
Warning: ignoring unsupported tag `GROUP_NESTED_COMPOUNDS =' at line 360, file /home/travis/build/jaggedsoft/php-binance-api/doxy.gen
Warning: ignoring unsupported tag `HIDE_COMPOUND_REFERENCE=' at line 531, file /home/travis/build/jaggedsoft/php-binance-api/doxy.gen
Warning: ignoring unsupported tag `WARN_AS_ERROR          =' at line 755, file /home/travis/build/jaggedsoft/php-binance-api/doxy.gen
Warning: ignoring unsupported tag `LATEX_EXTRA_STYLESHEET =' at line 1687, file /home/travis/build/jaggedsoft/php-binance-api/doxy.gen
Warning: ignoring unsupported tag `LATEX_TIMESTAMP        =' at line 1754, file /home/travis/build/jaggedsoft/php-binance-api/doxy.gen
Warning: ignoring unsupported tag `RTF_SOURCE_CODE        =' at line 1820, file /home/travis/build/jaggedsoft/php-binance-api/doxy.gen
Warning: ignoring unsupported tag `MAN_SUBDIR             =' at line 1855, file /home/travis/build/jaggedsoft/php-binance-api/doxy.gen
Warning: ignoring unsupported tag `DOCBOOK_PROGRAMLISTING =' at line 1918, file /home/travis/build/jaggedsoft/php-binance-api/doxy.gen
Warning: ignoring unsupported tag `PLANTUML_JAR_PATH      =' at line 2347, file /home/travis/build/jaggedsoft/php-binance-api/doxy.gen
Warning: ignoring unsupported tag `PLANTUML_CFG_FILE      =' at line 2352, file /home/travis/build/jaggedsoft/php-binance-api/doxy.gen
Warning: ignoring unsupported tag `PLANTUML_INCLUDE_PATH  =' at line 2357, file /home/travis/build/jaggedsoft/php-binance-api/doxy.gen
error: fatal: at line 1200 column 0 of /home/travis/build/jaggedsoft/php-binance-api/php-binance-api.php: unexpected end of file
error: fatal: at line 1200 column 0 of /home/travis/build/jaggedsoft/php-binance-api/php-binance-api.php: error while parsing prolog
error: fatal: at line 1200 column 0 of /home/travis/build/jaggedsoft/php-binance-api/php-binance-api.php: error while parsing prolog
warning: source examples/ is not a readable file or directory... skipping.
fatal: /home/travis/build/jaggedsoft/php-binance-api/php-binance-api.php: '/home/travis/build/jaggedsoft/php-binance-api/php-binance-api.php' is outside repository
/home/travis/build/jaggedsoft/php-binance-api/php-binance-api.php:15: warning: Found unknown command `\API'
/home/travis/build/jaggedsoft/php-binance-api/php-binance-api.php:39: warning: Found unknown command `\API'
/home/travis/build/jaggedsoft/php-binance-api/php-binance-api.php:40: warning: Found unknown command `\API'
/home/travis/build/jaggedsoft/php-binance-api/php-binance-api.php:41: warning: Found unknown command `\API'
/home/travis/build/jaggedsoft/php-binance-api/php-binance-api.php:303: warning: argument '$fromOrderId' of command @param is not found in the argument list of Binance\API::history($symbol,$limit=500,$fromTradeId=1)
/home/travis/build/jaggedsoft/php-binance-api/php-binance-api.php:303: warning: The following parameters of Binance\API\history($symbol,$limit=500,$fromTradeId=1) are not documented:
  parameter '$fromTradeId'
/home/travis/build/jaggedsoft/php-binance-api/php-binance-api.php:643: warning: The following parameters of Binance\API\order($side,$symbol,$quantity,$price,$type="LIMIT",$flags=[],$test=false) are not documented:
  parameter '$test'
Notice: Output directory `doc' does not exist. I have created it for you.
Parsing layout file /home/travis/build/jaggedsoft/php-binance-api/php-binance-api.php...
Searching for include files...
Searching for example files...
Searching for images...
Searching for dot files...
Searching for msc files...
Searching for dia files...
Searching for files to exclude
Searching for files to process...
Version of /home/travis/build/jaggedsoft/php-binance-api/php-binance-api.php : no version available
Reading and parsing tag files
Parsing files
Reading /home/travis/build/jaggedsoft/php-binance-api/php-binance-api.php...
Parsing file /home/travis/build/jaggedsoft/php-binance-api/php-binance-api.php...
Building group list...
Building directory list...
Building namespace list...
Building file list...
Building class list...
Associating documentation with classes...
Computing nesting relations for classes...
Building example list...
Searching for enumerations...
Searching for documented typedefs...
Searching for members imported via using declarations...
Searching for included using directives...
Searching for documented variables...
Building interface member list...
Building member list...
Searching for friends...
Searching for documented defines...
Computing class inheritance relations...
Computing class usage relations...
Flushing cached template relations that have become invalid...
Creating members for template instances...
Computing class relations...
Add enum values to enums...
Searching for member function documentation...
Building page list...
Search for main page...
Computing page relations...
Determining the scope of groups...
Sorting lists...
Freeing entry tree
Determining which enums are documented
Computing member relations...
Building full member lists recursively...
Adding members to member groups.
Computing member references...
Inheriting documentation...
Generating disk names...
Adding source references...
Adding xrefitems...
Sorting member lists...
Computing dependencies between directories...
Generating citations page...
Counting data structures...
Resolving user defined references...
Finding anchors and sections in the documentation...
Transferring function references...
Combining using relations...
Adding members to index pages...
Generating style sheet...
Generating search indices...
Generating example documentation...
Generating file sources...
Generating code for file /home/travis/build/jaggedsoft/php-binance-api/php-binance-api.php...
Generating file documentation...
Generating page documentation...
Generating group documentation...
Generating class documentation...
Generating namespace index...
Generating docs for namespace Binance
Generating docs for compound Binance::API...
Generating graph info page...
Generating directory documentation...
Generating index page...
Generating page index...
Generating module index...
Generating namespace member index...
Generating annotated compound index...
Generating alphabetical compound index...
Generating hierarchical class index...
Generating member index...
Generating file member index...
Generating example index...
finalizing index lists...
lookup cache used 126/65536 hits=465 misses=126
finished...
