\BOOKMARK [0][-]{chapter.1}{\376\377\000N\000a\000m\000e\000s\000p\000a\000c\000e\000\040\000I\000n\000d\000e\000x}{}% 1
\BOOKMARK [1][-]{section.1.1}{\376\377\000N\000a\000m\000e\000s\000p\000a\000c\000e\000\040\000L\000i\000s\000t}{chapter.1}% 2
\BOOKMARK [0][-]{chapter.2}{\376\377\000C\000l\000a\000s\000s\000\040\000I\000n\000d\000e\000x}{}% 3
\BOOKMARK [1][-]{section.2.1}{\376\377\000C\000l\000a\000s\000s\000\040\000L\000i\000s\000t}{chapter.2}% 4
\BOOKMARK [0][-]{chapter.3}{\376\377\000N\000a\000m\000e\000s\000p\000a\000c\000e\000\040\000D\000o\000c\000u\000m\000e\000n\000t\000a\000t\000i\000o\000n}{}% 5
\BOOKMARK [1][-]{section.3.1}{\376\377\000B\000i\000n\000a\000n\000c\000e\000\040\000N\000a\000m\000e\000s\000p\000a\000c\000e\000\040\000R\000e\000f\000e\000r\000e\000n\000c\000e}{chapter.3}% 6
\BOOKMARK [0][-]{chapter.4}{\376\377\000C\000l\000a\000s\000s\000\040\000D\000o\000c\000u\000m\000e\000n\000t\000a\000t\000i\000o\000n}{}% 7
\BOOKMARK [1][-]{section.4.1}{\376\377\000B\000i\000n\000a\000n\000c\000e\000\134\000A\000P\000I\000\040\000C\000l\000a\000s\000s\000\040\000R\000e\000f\000e\000r\000e\000n\000c\000e}{chapter.4}% 8
\BOOKMARK [2][-]{subsection.4.1.1}{\376\377\000D\000e\000t\000a\000i\000l\000e\000d\000\040\000D\000e\000s\000c\000r\000i\000p\000t\000i\000o\000n}{section.4.1}% 9
\BOOKMARK [2][-]{subsection.4.1.2}{\376\377\000C\000o\000n\000s\000t\000r\000u\000c\000t\000o\000r\000\040\000\046\000\040\000D\000e\000s\000t\000r\000u\000c\000t\000o\000r\000\040\000D\000o\000c\000u\000m\000e\000n\000t\000a\000t\000i\000o\000n}{section.4.1}% 10
\BOOKMARK [3][-]{subsubsection.4.1.2.1}{\376\377\000\137\000\137\000c\000o\000n\000s\000t\000r\000u\000c\000t}{subsection.4.1.2}% 11
\BOOKMARK [2][-]{subsection.4.1.3}{\376\377\000M\000e\000m\000b\000e\000r\000\040\000F\000u\000n\000c\000t\000i\000o\000n\000\040\000D\000o\000c\000u\000m\000e\000n\000t\000a\000t\000i\000o\000n}{section.4.1}% 12
\BOOKMARK [3][-]{subsubsection.4.1.3.1}{\376\377\000\137\000\137\000g\000e\000t}{subsection.4.1.3}% 13
\BOOKMARK [3][-]{subsubsection.4.1.3.2}{\376\377\000\137\000\137\000s\000e\000t}{subsection.4.1.3}% 14
\BOOKMARK [3][-]{subsubsection.4.1.3.3}{\376\377\000a\000c\000c\000o\000u\000n\000t}{subsection.4.1.3}% 15
\BOOKMARK [3][-]{subsubsection.4.1.3.4}{\376\377\000a\000d\000d\000T\000o\000T\000r\000a\000n\000s\000f\000e\000r\000e\000d}{subsection.4.1.3}% 16
\BOOKMARK [3][-]{subsubsection.4.1.3.5}{\376\377\000a\000g\000g\000T\000r\000a\000d\000e\000s}{subsection.4.1.3}% 17
\BOOKMARK [3][-]{subsubsection.4.1.3.6}{\376\377\000b\000a\000l\000a\000n\000c\000e\000s}{subsection.4.1.3}% 18
\BOOKMARK [3][-]{subsubsection.4.1.3.7}{\376\377\000b\000o\000o\000k\000P\000r\000i\000c\000e\000s}{subsection.4.1.3}% 19
\BOOKMARK [3][-]{subsubsection.4.1.3.8}{\376\377\000b\000u\000y}{subsection.4.1.3}% 20
\BOOKMARK [3][-]{subsubsection.4.1.3.9}{\376\377\000b\000u\000y\000T\000e\000s\000t}{subsection.4.1.3}% 21
\BOOKMARK [3][-]{subsubsection.4.1.3.10}{\376\377\000c\000a\000n\000c\000e\000l}{subsection.4.1.3}% 22
\BOOKMARK [3][-]{subsubsection.4.1.3.11}{\376\377\000c\000a\000n\000d\000l\000e\000s\000t\000i\000c\000k\000s}{subsection.4.1.3}% 23
\BOOKMARK [3][-]{subsubsection.4.1.3.12}{\376\377\000c\000h\000a\000r\000t}{subsection.4.1.3}% 24
\BOOKMARK [3][-]{subsubsection.4.1.3.13}{\376\377\000c\000u\000m\000u\000l\000a\000t\000i\000v\000e}{subsection.4.1.3}% 25
\BOOKMARK [3][-]{subsubsection.4.1.3.14}{\376\377\000d\000e\000p\000o\000s\000i\000t\000A\000d\000d\000r\000e\000s\000s}{subsection.4.1.3}% 26
\BOOKMARK [3][-]{subsubsection.4.1.3.15}{\376\377\000d\000e\000p\000o\000s\000i\000t\000H\000i\000s\000t\000o\000r\000y}{subsection.4.1.3}% 27
\BOOKMARK [3][-]{subsubsection.4.1.3.16}{\376\377\000d\000e\000p\000t\000h}{subsection.4.1.3}% 28
\BOOKMARK [3][-]{subsubsection.4.1.3.17}{\376\377\000d\000e\000p\000t\000h\000C\000a\000c\000h\000e}{subsection.4.1.3}% 29
\BOOKMARK [3][-]{subsubsection.4.1.3.18}{\376\377\000d\000i\000s\000p\000l\000a\000y\000D\000e\000p\000t\000h}{subsection.4.1.3}% 30
\BOOKMARK [3][-]{subsubsection.4.1.3.19}{\376\377\000e\000x\000c\000h\000a\000n\000g\000e\000I\000n\000f\000o}{subsection.4.1.3}% 31
\BOOKMARK [3][-]{subsubsection.4.1.3.20}{\376\377\000f\000i\000r\000s\000t}{subsection.4.1.3}% 32
\BOOKMARK [3][-]{subsubsection.4.1.3.21}{\376\377\000g\000e\000t\000P\000r\000o\000x\000y\000U\000r\000i\000S\000t\000r\000i\000n\000g}{subsection.4.1.3}% 33
\BOOKMARK [3][-]{subsubsection.4.1.3.22}{\376\377\000g\000e\000t\000R\000e\000q\000u\000e\000s\000t\000C\000o\000u\000n\000t}{subsection.4.1.3}% 34
\BOOKMARK [3][-]{subsubsection.4.1.3.23}{\376\377\000g\000e\000t\000T\000r\000a\000n\000s\000f\000e\000r\000e\000d}{subsection.4.1.3}% 35
\BOOKMARK [3][-]{subsubsection.4.1.3.24}{\376\377\000h\000i\000g\000h\000s\000t\000o\000c\000k}{subsection.4.1.3}% 36
\BOOKMARK [3][-]{subsubsection.4.1.3.25}{\376\377\000h\000i\000s\000t\000o\000r\000y}{subsection.4.1.3}% 37
\BOOKMARK [3][-]{subsubsection.4.1.3.26}{\376\377\000k\000e\000e\000p\000A\000l\000i\000v\000e}{subsection.4.1.3}% 38
\BOOKMARK [3][-]{subsubsection.4.1.3.27}{\376\377\000k\000l\000i\000n\000e}{subsection.4.1.3}% 39
\BOOKMARK [3][-]{subsubsection.4.1.3.28}{\376\377\000l\000a\000s\000t}{subsection.4.1.3}% 40
\BOOKMARK [3][-]{subsubsection.4.1.3.29}{\376\377\000m\000a\000r\000k\000e\000t\000B\000u\000y}{subsection.4.1.3}% 41
\BOOKMARK [3][-]{subsubsection.4.1.3.30}{\376\377\000m\000a\000r\000k\000e\000t\000B\000u\000y\000T\000e\000s\000t}{subsection.4.1.3}% 42
\BOOKMARK [3][-]{subsubsection.4.1.3.31}{\376\377\000m\000a\000r\000k\000e\000t\000S\000e\000l\000l}{subsection.4.1.3}% 43
\BOOKMARK [3][-]{subsubsection.4.1.3.32}{\376\377\000m\000a\000r\000k\000e\000t\000S\000e\000l\000l\000T\000e\000s\000t}{subsection.4.1.3}% 44
\BOOKMARK [3][-]{subsubsection.4.1.3.33}{\376\377\000m\000i\000n\000i\000T\000i\000c\000k\000e\000r}{subsection.4.1.3}% 45
\BOOKMARK [3][-]{subsubsection.4.1.3.34}{\376\377\000o\000p\000e\000n\000O\000r\000d\000e\000r\000s}{subsection.4.1.3}% 46
\BOOKMARK [3][-]{subsubsection.4.1.3.35}{\376\377\000o\000r\000d\000e\000r}{subsection.4.1.3}% 47
\BOOKMARK [3][-]{subsubsection.4.1.3.36}{\376\377\000o\000r\000d\000e\000r\000s}{subsection.4.1.3}% 48
\BOOKMARK [3][-]{subsubsection.4.1.3.37}{\376\377\000o\000r\000d\000e\000r\000S\000t\000a\000t\000u\000s}{subsection.4.1.3}% 49
\BOOKMARK [3][-]{subsubsection.4.1.3.38}{\376\377\000p\000r\000e\000v\000D\000a\000y}{subsection.4.1.3}% 50
\BOOKMARK [3][-]{subsubsection.4.1.3.39}{\376\377\000p\000r\000i\000c\000e\000s}{subsection.4.1.3}% 51
\BOOKMARK [3][-]{subsubsection.4.1.3.40}{\376\377\000s\000e\000l\000l}{subsection.4.1.3}% 52
\BOOKMARK [3][-]{subsubsection.4.1.3.41}{\376\377\000s\000e\000l\000l\000T\000e\000s\000t}{subsection.4.1.3}% 53
\BOOKMARK [3][-]{subsubsection.4.1.3.42}{\376\377\000s\000e\000t\000P\000r\000o\000x\000y}{subsection.4.1.3}% 54
\BOOKMARK [3][-]{subsubsection.4.1.3.43}{\376\377\000s\000o\000r\000t\000D\000e\000p\000t\000h}{subsection.4.1.3}% 55
\BOOKMARK [3][-]{subsubsection.4.1.3.44}{\376\377\000t\000e\000r\000m\000i\000n\000a\000t\000e}{subsection.4.1.3}% 56
\BOOKMARK [3][-]{subsubsection.4.1.3.45}{\376\377\000t\000i\000c\000k\000e\000r}{subsection.4.1.3}% 57
\BOOKMARK [3][-]{subsubsection.4.1.3.46}{\376\377\000t\000i\000m\000e}{subsection.4.1.3}% 58
\BOOKMARK [3][-]{subsubsection.4.1.3.47}{\376\377\000t\000r\000a\000d\000e\000s}{subsection.4.1.3}% 59
\BOOKMARK [3][-]{subsubsection.4.1.3.48}{\376\377\000u\000s\000e\000r\000D\000a\000t\000a}{subsection.4.1.3}% 60
\BOOKMARK [3][-]{subsubsection.4.1.3.49}{\376\377\000u\000s\000e\000S\000e\000r\000v\000e\000r\000T\000i\000m\000e}{subsection.4.1.3}% 61
\BOOKMARK [3][-]{subsubsection.4.1.3.50}{\376\377\000w\000i\000t\000h\000d\000r\000a\000w}{subsection.4.1.3}% 62
\BOOKMARK [3][-]{subsubsection.4.1.3.51}{\376\377\000w\000i\000t\000h\000d\000r\000a\000w\000H\000i\000s\000t\000o\000r\000y}{subsection.4.1.3}% 63
\BOOKMARK [2][-]{subsection.4.1.4}{\376\377\000M\000e\000m\000b\000e\000r\000\040\000D\000a\000t\000a\000\040\000D\000o\000c\000u\000m\000e\000n\000t\000a\000t\000i\000o\000n}{section.4.1}% 64
\BOOKMARK [3][-]{subsubsection.4.1.4.1}{\376\377\000\044\000a\000p\000i\000\137\000k\000e\000y}{subsection.4.1.4}% 65
\BOOKMARK [3][-]{subsubsection.4.1.4.2}{\376\377\000\044\000a\000p\000i\000\137\000s\000e\000c\000r\000e\000t}{subsection.4.1.4}% 66
\BOOKMARK [3][-]{subsubsection.4.1.4.3}{\376\377\000\044\000b\000a\000s\000e}{subsection.4.1.4}% 67
\BOOKMARK [3][-]{subsubsection.4.1.4.4}{\376\377\000\044\000c\000h\000a\000r\000t\000Q\000u\000e\000u\000e}{subsection.4.1.4}% 68
\BOOKMARK [3][-]{subsubsection.4.1.4.5}{\376\377\000\044\000c\000h\000a\000r\000t\000s}{subsection.4.1.4}% 69
\BOOKMARK [3][-]{subsubsection.4.1.4.6}{\376\377\000\044\000c\000u\000r\000l\000O\000p\000t\000s}{subsection.4.1.4}% 70
\BOOKMARK [3][-]{subsubsection.4.1.4.7}{\376\377\000\044\000d\000e\000p\000t\000h\000C\000a\000c\000h\000e}{subsection.4.1.4}% 71
\BOOKMARK [3][-]{subsubsection.4.1.4.8}{\376\377\000\044\000d\000e\000p\000t\000h\000Q\000u\000e\000u\000e}{subsection.4.1.4}% 72
\BOOKMARK [3][-]{subsubsection.4.1.4.9}{\376\377\000\044\000i\000n\000f\000o}{subsection.4.1.4}% 73
\BOOKMARK [3][-]{subsubsection.4.1.4.10}{\376\377\000\044\000p\000r\000o\000x\000y\000C\000o\000n\000f}{subsection.4.1.4}% 74
\BOOKMARK [3][-]{subsubsection.4.1.4.11}{\376\377\000\044\000r\000e\000q\000u\000e\000s\000t\000C\000o\000u\000n\000t}{subsection.4.1.4}% 75
\BOOKMARK [3][-]{subsubsection.4.1.4.12}{\376\377\000\044\000s\000t\000r\000e\000a\000m}{subsection.4.1.4}% 76
\BOOKMARK [3][-]{subsubsection.4.1.4.13}{\376\377\000\044\000t\000r\000a\000n\000s\000f\000e\000r\000e\000d}{subsection.4.1.4}% 77
\BOOKMARK [3][-]{subsubsection.4.1.4.14}{\376\377\000\044\000w\000a\000p\000i}{subsection.4.1.4}% 78
\BOOKMARK [0][-]{section*.5}{\376\377\000I\000n\000d\000e\000x}{}% 79
